<?xml version="1.0" encoding="UTF-8"?>
<testsuite xmlns:xsi="http://www.w3.org/2001/XMLSchema-instance" xsi:noNamespaceSchemaLocation="https://maven.apache.org/surefire/maven-surefire-plugin/xsd/surefire-test-report-3.0.xsd" version="3.0" name="RunCukeTest" time="1.697" tests="0" errors="0" skipped="0" failures="0">
  <properties>
    <property name="sun.desktop" value="windows"/>
    <property name="awt.toolkit" value="sun.awt.windows.WToolkit"/>
    <property name="file.encoding.pkg" value="sun.io"/>
    <property name="java.specification.version" value="1.8"/>
    <property name="sun.cpu.isalist" value="amd64"/>
    <property name="sun.jnu.encoding" value="Cp1252"/>
    <property name="java.class.path" value="C:\TetraPak\Automation_Code\Test_Pipeline\target\test-classes;C:\TetraPak\Automation_Code\Test_Pipeline\target\classes;C:\Users\rohbhatt1\.m2\repository\com\google\code\gson\gson\2.6.2\gson-2.6.2.jar;C:\Users\rohbhatt1\.m2\repository\io\rest-assured\rest-assured\3.3.0\rest-assured-3.3.0.jar;C:\Users\rohbhatt1\.m2\repository\org\codehaus\groovy\groovy\2.4.15\groovy-2.4.15.jar;C:\Users\rohbhatt1\.m2\repository\org\codehaus\groovy\groovy-xml\2.4.15\groovy-xml-2.4.15.jar;C:\Users\rohbhatt1\.m2\repository\org\apache\httpcomponents\httpclient\4.5.3\httpclient-4.5.3.jar;C:\Users\rohbhatt1\.m2\repository\org\apache\httpcomponents\httpmime\4.5.3\httpmime-4.5.3.jar;C:\Users\rohbhatt1\.m2\repository\org\hamcrest\hamcrest-core\1.3\hamcrest-core-1.3.jar;C:\Users\rohbhatt1\.m2\repository\org\hamcrest\hamcrest-library\1.3\hamcrest-library-1.3.jar;C:\Users\rohbhatt1\.m2\repository\org\ccil\cowan\tagsoup\tagsoup\1.2.1\tagsoup-1.2.1.jar;C:\Users\rohbhatt1\.m2\repository\io\rest-assured\json-path\3.3.0\json-path-3.3.0.jar;C:\Users\rohbhatt1\.m2\repository\org\codehaus\groovy\groovy-json\2.4.15\groovy-json-2.4.15.jar;C:\Users\rohbhatt1\.m2\repository\io\rest-assured\rest-assured-common\3.3.0\rest-assured-common-3.3.0.jar;C:\Users\rohbhatt1\.m2\repository\io\rest-assured\xml-path\3.3.0\xml-path-3.3.0.jar;C:\Users\rohbhatt1\.m2\repository\javax\xml\bind\jaxb-api\2.2.12\jaxb-api-2.2.12.jar;C:\Users\rohbhatt1\.m2\repository\com\sun\xml\bind\jaxb-osgi\2.2.10\jaxb-osgi-2.2.10.jar;C:\Users\rohbhatt1\.m2\repository\org\apache\sling\org.apache.sling.javax.activation\0.1.0\org.apache.sling.javax.activation-0.1.0.jar;C:\Users\rohbhatt1\.m2\repository\javax\activation\activation\1.1.1\activation-1.1.1.jar;C:\Users\rohbhatt1\.m2\repository\org\testng\testng\6.10\testng-6.10.jar;C:\Users\rohbhatt1\.m2\repository\com\beust\jcommander\1.48\jcommander-1.48.jar;C:\Users\rohbhatt1\.m2\repository\org\hamcrest\hamcrest-all\1.3\hamcrest-all-1.3.jar;C:\Users\rohbhatt1\.m2\repository\io\cucumber\cucumber-java\4.2.6\cucumber-java-4.2.6.jar;C:\Users\rohbhatt1\.m2\repository\io\cucumber\cucumber-junit\4.2.6\cucumber-junit-4.2.6.jar;C:\Users\rohbhatt1\.m2\repository\io\cucumber\cucumber-picocontainer\4.2.6\cucumber-picocontainer-4.2.6.jar;C:\Users\rohbhatt1\.m2\repository\org\picocontainer\picocontainer\2.15\picocontainer-2.15.jar;C:\Users\rohbhatt1\.m2\repository\io\cucumber\cucumber-core\4.2.6\cucumber-core-4.2.6.jar;C:\Users\rohbhatt1\.m2\repository\io\cucumber\cucumber-html\0.2.7\cucumber-html-0.2.7.jar;C:\Users\rohbhatt1\.m2\repository\io\cucumber\gherkin\5.1.0\gherkin-5.1.0.jar;C:\Users\rohbhatt1\.m2\repository\io\cucumber\tag-expressions\1.1.1\tag-expressions-1.1.1.jar;C:\Users\rohbhatt1\.m2\repository\io\cucumber\cucumber-expressions\6.2.0\cucumber-expressions-6.2.0.jar;C:\Users\rohbhatt1\.m2\repository\io\cucumber\datatable\1.1.12\datatable-1.1.12.jar;C:\Users\rohbhatt1\.m2\repository\io\cucumber\datatable-dependencies\1.1.12\datatable-dependencies-1.1.12.jar;C:\Users\rohbhatt1\.m2\repository\junit\junit\4.12\junit-4.12.jar;C:\Users\rohbhatt1\.m2\repository\org\seleniumhq\selenium\selenium-java\3.12.0\selenium-java-3.12.0.jar;C:\Users\rohbhatt1\.m2\repository\org\seleniumhq\selenium\selenium-api\3.12.0\selenium-api-3.12.0.jar;C:\Users\rohbhatt1\.m2\repository\org\seleniumhq\selenium\selenium-chrome-driver\3.12.0\selenium-chrome-driver-3.12.0.jar;C:\Users\rohbhatt1\.m2\repository\org\seleniumhq\selenium\selenium-edge-driver\3.12.0\selenium-edge-driver-3.12.0.jar;C:\Users\rohbhatt1\.m2\repository\org\seleniumhq\selenium\selenium-firefox-driver\3.12.0\selenium-firefox-driver-3.12.0.jar;C:\Users\rohbhatt1\.m2\repository\org\seleniumhq\selenium\selenium-ie-driver\3.12.0\selenium-ie-driver-3.12.0.jar;C:\Users\rohbhatt1\.m2\repository\org\seleniumhq\selenium\selenium-opera-driver\3.12.0\selenium-opera-driver-3.12.0.jar;C:\Users\rohbhatt1\.m2\repository\org\seleniumhq\selenium\selenium-remote-driver\3.12.0\selenium-remote-driver-3.12.0.jar;C:\Users\rohbhatt1\.m2\repository\org\seleniumhq\selenium\selenium-safari-driver\3.12.0\selenium-safari-driver-3.12.0.jar;C:\Users\rohbhatt1\.m2\repository\org\seleniumhq\selenium\selenium-support\3.12.0\selenium-support-3.12.0.jar;C:\Users\rohbhatt1\.m2\repository\net\bytebuddy\byte-buddy\1.8.3\byte-buddy-1.8.3.jar;C:\Users\rohbhatt1\.m2\repository\org\apache\commons\commons-exec\1.3\commons-exec-1.3.jar;C:\Users\rohbhatt1\.m2\repository\commons-codec\commons-codec\1.10\commons-codec-1.10.jar;C:\Users\rohbhatt1\.m2\repository\commons-logging\commons-logging\1.2\commons-logging-1.2.jar;C:\Users\rohbhatt1\.m2\repository\com\google\guava\guava\23.6-jre\guava-23.6-jre.jar;C:\Users\rohbhatt1\.m2\repository\com\google\code\findbugs\jsr305\1.3.9\jsr305-1.3.9.jar;C:\Users\rohbhatt1\.m2\repository\org\checkerframework\checker-compat-qual\2.0.0\checker-compat-qual-2.0.0.jar;C:\Users\rohbhatt1\.m2\repository\com\google\j2objc\j2objc-annotations\1.1\j2objc-annotations-1.1.jar;C:\Users\rohbhatt1\.m2\repository\org\codehaus\mojo\animal-sniffer-annotations\1.14\animal-sniffer-annotations-1.14.jar;C:\Users\rohbhatt1\.m2\repository\org\apache\httpcomponents\httpcore\4.4.6\httpcore-4.4.6.jar;C:\Users\rohbhatt1\.m2\repository\com\squareup\okhttp3\okhttp\3.9.1\okhttp-3.9.1.jar;C:\Users\rohbhatt1\.m2\repository\com\squareup\okio\okio\1.13.0\okio-1.13.0.jar;C:\Users\rohbhatt1\.m2\repository\com\googlecode\json-simple\json-simple\1.1.1\json-simple-1.1.1.jar;C:\Users\rohbhatt1\.m2\repository\org\apache\poi\poi\3.11-beta3\poi-3.11-beta3.jar;C:\Users\rohbhatt1\.m2\repository\org\apache\poi\poi-ooxml\3.9\poi-ooxml-3.9.jar;C:\Users\rohbhatt1\.m2\repository\org\apache\poi\poi-ooxml-schemas\3.9\poi-ooxml-schemas-3.9.jar;C:\Users\rohbhatt1\.m2\repository\org\apache\xmlbeans\xmlbeans\2.3.0\xmlbeans-2.3.0.jar;C:\Users\rohbhatt1\.m2\repository\stax\stax-api\1.0.1\stax-api-1.0.1.jar;C:\Users\rohbhatt1\.m2\repository\dom4j\dom4j\1.6.1\dom4j-1.6.1.jar;C:\Users\rohbhatt1\.m2\repository\xml-apis\xml-apis\1.0.b2\xml-apis-1.0.b2.jar;C:\Users\rohbhatt1\.m2\repository\io\github\bonigarcia\webdrivermanager\3.6.2\webdrivermanager-3.6.2.jar;C:\Users\rohbhatt1\.m2\repository\org\apache\commons\commons-lang3\3.8.1\commons-lang3-3.8.1.jar;C:\Users\rohbhatt1\.m2\repository\org\rauschig\jarchivelib\1.0.0\jarchivelib-1.0.0.jar;C:\Users\rohbhatt1\.m2\repository\org\apache\commons\commons-compress\1.18\commons-compress-1.18.jar;C:\Users\rohbhatt1\.m2\repository\org\jsoup\jsoup\1.11.3\jsoup-1.11.3.jar;C:\Users\rohbhatt1\.m2\repository\org\slf4j\slf4j-api\1.7.5\slf4j-api-1.7.5.jar;C:\Users\rohbhatt1\.m2\repository\org\slf4j\slf4j-simple\1.6.4\slf4j-simple-1.6.4.jar;C:\Users\rohbhatt1\.m2\repository\com\jayway\jsonpath\json-path\2.4.0\json-path-2.4.0.jar;C:\Users\rohbhatt1\.m2\repository\net\minidev\json-smart\2.3\json-smart-2.3.jar;C:\Users\rohbhatt1\.m2\repository\net\minidev\accessors-smart\1.2\accessors-smart-1.2.jar;C:\Users\rohbhatt1\.m2\repository\org\ow2\asm\asm\5.0.4\asm-5.0.4.jar;C:\Users\rohbhatt1\.m2\repository\commons-io\commons-io\2.6\commons-io-2.6.jar;C:\Users\rohbhatt1\.m2\repository\log4j\log4j\1.2.17\log4j-1.2.17.jar;C:\Users\rohbhatt1\.m2\repository\ru\yandex\qatools\ashot\ashot\1.5.3\ashot-1.5.3.jar;C:\Users\rohbhatt1\.m2\repository\com\googlecode\lambdaj\lambdaj\2.3.3\lambdaj-2.3.3.jar;C:\Users\rohbhatt1\.m2\repository\org\objenesis\objenesis\1.2\objenesis-1.2.jar;C:\Users\rohbhatt1\.m2\repository\cglib\cglib-nodep\2.2\cglib-nodep-2.2.jar;C:\Users\rohbhatt1\.m2\repository\org\apache\pdfbox\pdfbox\2.0.14\pdfbox-2.0.14.jar;C:\Users\rohbhatt1\.m2\repository\org\apache\pdfbox\fontbox\2.0.14\fontbox-2.0.14.jar;C:\Users\rohbhatt1\.m2\repository\com\google\cloud\google-cloud-translate\1.91.0\google-cloud-translate-1.91.0.jar;C:\Users\rohbhatt1\.m2\repository\com\google\cloud\google-cloud-core\1.90.0\google-cloud-core-1.90.0.jar;C:\Users\rohbhatt1\.m2\repository\com\google\api\gax\1.48.1\gax-1.48.1.jar;C:\Users\rohbhatt1\.m2\repository\org\threeten\threetenbp\1.3.3\threetenbp-1.3.3.jar;C:\Users\rohbhatt1\.m2\repository\com\google\protobuf\protobuf-java-util\3.9.1\protobuf-java-util-3.9.1.jar;C:\Users\rohbhatt1\.m2\repository\com\google\errorprone\error_prone_annotations\2.3.2\error_prone_annotations-2.3.2.jar;C:\Users\rohbhatt1\.m2\repository\com\google\api\grpc\proto-google-common-protos\1.16.0\proto-google-common-protos-1.16.0.jar;C:\Users\rohbhatt1\.m2\repository\com\google\api\grpc\proto-google-iam-v1\0.12.0\proto-google-iam-v1-0.12.0.jar;C:\Users\rohbhatt1\.m2\repository\com\google\cloud\google-cloud-core-http\1.90.0\google-cloud-core-http-1.90.0.jar;C:\Users\rohbhatt1\.m2\repository\com\google\auth\google-auth-library-credentials\0.17.1\google-auth-library-credentials-0.17.1.jar;C:\Users\rohbhatt1\.m2\repository\com\google\auth\google-auth-library-oauth2-http\0.17.1\google-auth-library-oauth2-http-0.17.1.jar;C:\Users\rohbhatt1\.m2\repository\com\google\auto\value\auto-value-annotations\1.6.6\auto-value-annotations-1.6.6.jar;C:\Users\rohbhatt1\.m2\repository\com\google\http-client\google-http-client-jackson2\1.31.0\google-http-client-jackson2-1.31.0.jar;C:\Users\rohbhatt1\.m2\repository\com\fasterxml\jackson\core\jackson-core\2.9.9\jackson-core-2.9.9.jar;C:\Users\rohbhatt1\.m2\repository\com\google\api-client\google-api-client\1.30.2\google-api-client-1.30.2.jar;C:\Users\rohbhatt1\.m2\repository\com\google\oauth-client\google-oauth-client\1.30.1\google-oauth-client-1.30.1.jar;C:\Users\rohbhatt1\.m2\repository\com\google\http-client\google-http-client-appengine\1.31.0\google-http-client-appengine-1.31.0.jar;C:\Users\rohbhatt1\.m2\repository\com\google\api\gax-httpjson\0.65.1\gax-httpjson-0.65.1.jar;C:\Users\rohbhatt1\.m2\repository\com\google\cloud\google-cloud-core-grpc\1.90.0\google-cloud-core-grpc-1.90.0.jar;C:\Users\rohbhatt1\.m2\repository\com\google\api\gax-grpc\1.48.1\gax-grpc-1.48.1.jar;C:\Users\rohbhatt1\.m2\repository\io\grpc\grpc-stub\1.23.0\grpc-stub-1.23.0.jar;C:\Users\rohbhatt1\.m2\repository\io\grpc\grpc-api\1.23.0\grpc-api-1.23.0.jar;C:\Users\rohbhatt1\.m2\repository\io\grpc\grpc-auth\1.23.0\grpc-auth-1.23.0.jar;C:\Users\rohbhatt1\.m2\repository\io\grpc\grpc-protobuf\1.23.0\grpc-protobuf-1.23.0.jar;C:\Users\rohbhatt1\.m2\repository\io\grpc\grpc-protobuf-lite\1.23.0\grpc-protobuf-lite-1.23.0.jar;C:\Users\rohbhatt1\.m2\repository\io\grpc\grpc-netty-shaded\1.23.0\grpc-netty-shaded-1.23.0.jar;C:\Users\rohbhatt1\.m2\repository\io\grpc\grpc-core\1.23.0\grpc-core-1.23.0.jar;C:\Users\rohbhatt1\.m2\repository\com\google\android\annotations\4.1.1.4\annotations-4.1.1.4.jar;C:\Users\rohbhatt1\.m2\repository\io\perfmark\perfmark-api\0.17.0\perfmark-api-0.17.0.jar;C:\Users\rohbhatt1\.m2\repository\io\opencensus\opencensus-contrib-grpc-metrics\0.21.0\opencensus-contrib-grpc-metrics-0.21.0.jar;C:\Users\rohbhatt1\.m2\repository\io\grpc\grpc-alts\1.23.0\grpc-alts-1.23.0.jar;C:\Users\rohbhatt1\.m2\repository\io\grpc\grpc-grpclb\1.23.0\grpc-grpclb-1.23.0.jar;C:\Users\rohbhatt1\.m2\repository\com\google\apis\google-api-services-translate\v2-rev20170525-1.30.1\google-api-services-translate-v2-rev20170525-1.30.1.jar;C:\Users\rohbhatt1\.m2\repository\com\google\api\grpc\proto-google-cloud-translate-v3beta1\0.74.0\proto-google-cloud-translate-v3beta1-0.74.0.jar;C:\Users\rohbhatt1\.m2\repository\com\google\protobuf\protobuf-java\3.9.1\protobuf-java-3.9.1.jar;C:\Users\rohbhatt1\.m2\repository\com\google\api\api-common\1.8.1\api-common-1.8.1.jar;C:\Users\rohbhatt1\.m2\repository\javax\annotation\javax.annotation-api\1.3.2\javax.annotation-api-1.3.2.jar;C:\Users\rohbhatt1\.m2\repository\com\google\http-client\google-http-client-gson\1.30.2\google-http-client-gson-1.30.2.jar;C:\Users\rohbhatt1\.m2\repository\com\google\http-client\google-http-client\1.30.2\google-http-client-1.30.2.jar;C:\Users\rohbhatt1\.m2\repository\io\opencensus\opencensus-api\0.21.0\opencensus-api-0.21.0.jar;C:\Users\rohbhatt1\.m2\repository\io\grpc\grpc-context\1.19.0\grpc-context-1.19.0.jar;C:\Users\rohbhatt1\.m2\repository\io\opencensus\opencensus-contrib-http-util\0.21.0\opencensus-contrib-http-util-0.21.0.jar;C:\Users\rohbhatt1\.m2\repository\com\github\slaout\fork\info\cukesthreads\cucumber-java\1.2.4\cucumber-java-1.2.4.jar;C:\Users\rohbhatt1\.m2\repository\com\github\slaout\fork\info\cukesthreads\cucumber-core\1.2.4\cucumber-core-1.2.4.jar;C:\Users\rohbhatt1\.m2\repository\info\cukes\cucumber-html\0.2.3\cucumber-html-0.2.3.jar;C:\Users\rohbhatt1\.m2\repository\com\github\slaout\fork\info\cukesthreads\cucumber-junit\1.2.4\cucumber-junit-1.2.4.jar;C:\Users\rohbhatt1\.m2\repository\info\cukes\cucumber-picocontainer\1.2.4\cucumber-picocontainer-1.2.4.jar;C:\Users\rohbhatt1\.m2\repository\info\cukes\cucumber-java\1.2.4\cucumber-java-1.2.4.jar;C:\Users\rohbhatt1\.m2\repository\info\cukes\cucumber-core\1.2.4\cucumber-core-1.2.4.jar;C:\Users\rohbhatt1\.m2\repository\info\cukes\cucumber-jvm-deps\1.0.5\cucumber-jvm-deps-1.0.5.jar;C:\Users\rohbhatt1\.m2\repository\info\cukes\gherkin\2.12.2\gherkin-2.12.2.jar;"/>
    <property name="java.vm.vendor" value="Oracle Corporation"/>
    <property name="sun.arch.data.model" value="64"/>
    <property name="user.variant" value=""/>
    <property name="java.vendor.url" value="http://java.oracle.com/"/>
    <property name="user.timezone" value="Asia/Calcutta"/>
    <property name="java.vm.specification.version" value="1.8"/>
    <property name="os.name" value="Windows 10"/>
    <property name="user.country" value="US"/>
    <property name="sun.java.launcher" value="SUN_STANDARD"/>
    <property name="sun.boot.library.path" value="C:\Program Files\Java\jdk1.8.0_191\jre\bin"/>
    <property name="sun.java.command" value="C:\Users\rohbhatt1\AppData\Local\Temp\surefire7949999128141879738\surefirebooter1414339243322706774.jar C:\Users\rohbhatt1\AppData\Local\Temp\surefire7949999128141879738 2020-07-27T12-59-13_374-jvmRun1 surefire3210919209616585772tmp surefire_09090338717339419012tmp"/>
    <property name="surefire.test.class.path" value="C:\TetraPak\Automation_Code\Test_Pipeline\target\test-classes;C:\TetraPak\Automation_Code\Test_Pipeline\target\classes;C:\Users\rohbhatt1\.m2\repository\com\google\code\gson\gson\2.6.2\gson-2.6.2.jar;C:\Users\rohbhatt1\.m2\repository\io\rest-assured\rest-assured\3.3.0\rest-assured-3.3.0.jar;C:\Users\rohbhatt1\.m2\repository\org\codehaus\groovy\groovy\2.4.15\groovy-2.4.15.jar;C:\Users\rohbhatt1\.m2\repository\org\codehaus\groovy\groovy-xml\2.4.15\groovy-xml-2.4.15.jar;C:\Users\rohbhatt1\.m2\repository\org\apache\httpcomponents\httpclient\4.5.3\httpclient-4.5.3.jar;C:\Users\rohbhatt1\.m2\repository\org\apache\httpcomponents\httpmime\4.5.3\httpmime-4.5.3.jar;C:\Users\rohbhatt1\.m2\repository\org\hamcrest\hamcrest-core\1.3\hamcrest-core-1.3.jar;C:\Users\rohbhatt1\.m2\repository\org\hamcrest\hamcrest-library\1.3\hamcrest-library-1.3.jar;C:\Users\rohbhatt1\.m2\repository\org\ccil\cowan\tagsoup\tagsoup\1.2.1\tagsoup-1.2.1.jar;C:\Users\rohbhatt1\.m2\repository\io\rest-assured\json-path\3.3.0\json-path-3.3.0.jar;C:\Users\rohbhatt1\.m2\repository\org\codehaus\groovy\groovy-json\2.4.15\groovy-json-2.4.15.jar;C:\Users\rohbhatt1\.m2\repository\io\rest-assured\rest-assured-common\3.3.0\rest-assured-common-3.3.0.jar;C:\Users\rohbhatt1\.m2\repository\io\rest-assured\xml-path\3.3.0\xml-path-3.3.0.jar;C:\Users\rohbhatt1\.m2\repository\javax\xml\bind\jaxb-api\2.2.12\jaxb-api-2.2.12.jar;C:\Users\rohbhatt1\.m2\repository\com\sun\xml\bind\jaxb-osgi\2.2.10\jaxb-osgi-2.2.10.jar;C:\Users\rohbhatt1\.m2\repository\org\apache\sling\org.apache.sling.javax.activation\0.1.0\org.apache.sling.javax.activation-0.1.0.jar;C:\Users\rohbhatt1\.m2\repository\javax\activation\activation\1.1.1\activation-1.1.1.jar;C:\Users\rohbhatt1\.m2\repository\org\testng\testng\6.10\testng-6.10.jar;C:\Users\rohbhatt1\.m2\repository\com\beust\jcommander\1.48\jcommander-1.48.jar;C:\Users\rohbhatt1\.m2\repository\org\hamcrest\hamcrest-all\1.3\hamcrest-all-1.3.jar;C:\Users\rohbhatt1\.m2\repository\io\cucumber\cucumber-java\4.2.6\cucumber-java-4.2.6.jar;C:\Users\rohbhatt1\.m2\repository\io\cucumber\cucumber-junit\4.2.6\cucumber-junit-4.2.6.jar;C:\Users\rohbhatt1\.m2\repository\io\cucumber\cucumber-picocontainer\4.2.6\cucumber-picocontainer-4.2.6.jar;C:\Users\rohbhatt1\.m2\repository\org\picocontainer\picocontainer\2.15\picocontainer-2.15.jar;C:\Users\rohbhatt1\.m2\repository\io\cucumber\cucumber-core\4.2.6\cucumber-core-4.2.6.jar;C:\Users\rohbhatt1\.m2\repository\io\cucumber\cucumber-html\0.2.7\cucumber-html-0.2.7.jar;C:\Users\rohbhatt1\.m2\repository\io\cucumber\gherkin\5.1.0\gherkin-5.1.0.jar;C:\Users\rohbhatt1\.m2\repository\io\cucumber\tag-expressions\1.1.1\tag-expressions-1.1.1.jar;C:\Users\rohbhatt1\.m2\repository\io\cucumber\cucumber-expressions\6.2.0\cucumber-expressions-6.2.0.jar;C:\Users\rohbhatt1\.m2\repository\io\cucumber\datatable\1.1.12\datatable-1.1.12.jar;C:\Users\rohbhatt1\.m2\repository\io\cucumber\datatable-dependencies\1.1.12\datatable-dependencies-1.1.12.jar;C:\Users\rohbhatt1\.m2\repository\junit\junit\4.12\junit-4.12.jar;C:\Users\rohbhatt1\.m2\repository\org\seleniumhq\selenium\selenium-java\3.12.0\selenium-java-3.12.0.jar;C:\Users\rohbhatt1\.m2\repository\org\seleniumhq\selenium\selenium-api\3.12.0\selenium-api-3.12.0.jar;C:\Users\rohbhatt1\.m2\repository\org\seleniumhq\selenium\selenium-chrome-driver\3.12.0\selenium-chrome-driver-3.12.0.jar;C:\Users\rohbhatt1\.m2\repository\org\seleniumhq\selenium\selenium-edge-driver\3.12.0\selenium-edge-driver-3.12.0.jar;C:\Users\rohbhatt1\.m2\repository\org\seleniumhq\selenium\selenium-firefox-driver\3.12.0\selenium-firefox-driver-3.12.0.jar;C:\Users\rohbhatt1\.m2\repository\org\seleniumhq\selenium\selenium-ie-driver\3.12.0\selenium-ie-driver-3.12.0.jar;C:\Users\rohbhatt1\.m2\repository\org\seleniumhq\selenium\selenium-opera-driver\3.12.0\selenium-opera-driver-3.12.0.jar;C:\Users\rohbhatt1\.m2\repository\org\seleniumhq\selenium\selenium-remote-driver\3.12.0\selenium-remote-driver-3.12.0.jar;C:\Users\rohbhatt1\.m2\repository\org\seleniumhq\selenium\selenium-safari-driver\3.12.0\selenium-safari-driver-3.12.0.jar;C:\Users\rohbhatt1\.m2\repository\org\seleniumhq\selenium\selenium-support\3.12.0\selenium-support-3.12.0.jar;C:\Users\rohbhatt1\.m2\repository\net\bytebuddy\byte-buddy\1.8.3\byte-buddy-1.8.3.jar;C:\Users\rohbhatt1\.m2\repository\org\apache\commons\commons-exec\1.3\commons-exec-1.3.jar;C:\Users\rohbhatt1\.m2\repository\commons-codec\commons-codec\1.10\commons-codec-1.10.jar;C:\Users\rohbhatt1\.m2\repository\commons-logging\commons-logging\1.2\commons-logging-1.2.jar;C:\Users\rohbhatt1\.m2\repository\com\google\guava\guava\23.6-jre\guava-23.6-jre.jar;C:\Users\rohbhatt1\.m2\repository\com\google\code\findbugs\jsr305\1.3.9\jsr305-1.3.9.jar;C:\Users\rohbhatt1\.m2\repository\org\checkerframework\checker-compat-qual\2.0.0\checker-compat-qual-2.0.0.jar;C:\Users\rohbhatt1\.m2\repository\com\google\j2objc\j2objc-annotations\1.1\j2objc-annotations-1.1.jar;C:\Users\rohbhatt1\.m2\repository\org\codehaus\mojo\animal-sniffer-annotations\1.14\animal-sniffer-annotations-1.14.jar;C:\Users\rohbhatt1\.m2\repository\org\apache\httpcomponents\httpcore\4.4.6\httpcore-4.4.6.jar;C:\Users\rohbhatt1\.m2\repository\com\squareup\okhttp3\okhttp\3.9.1\okhttp-3.9.1.jar;C:\Users\rohbhatt1\.m2\repository\com\squareup\okio\okio\1.13.0\okio-1.13.0.jar;C:\Users\rohbhatt1\.m2\repository\com\googlecode\json-simple\json-simple\1.1.1\json-simple-1.1.1.jar;C:\Users\rohbhatt1\.m2\repository\org\apache\poi\poi\3.11-beta3\poi-3.11-beta3.jar;C:\Users\rohbhatt1\.m2\repository\org\apache\poi\poi-ooxml\3.9\poi-ooxml-3.9.jar;C:\Users\rohbhatt1\.m2\repository\org\apache\poi\poi-ooxml-schemas\3.9\poi-ooxml-schemas-3.9.jar;C:\Users\rohbhatt1\.m2\repository\org\apache\xmlbeans\xmlbeans\2.3.0\xmlbeans-2.3.0.jar;C:\Users\rohbhatt1\.m2\repository\stax\stax-api\1.0.1\stax-api-1.0.1.jar;C:\Users\rohbhatt1\.m2\repository\dom4j\dom4j\1.6.1\dom4j-1.6.1.jar;C:\Users\rohbhatt1\.m2\repository\xml-apis\xml-apis\1.0.b2\xml-apis-1.0.b2.jar;C:\Users\rohbhatt1\.m2\repository\io\github\bonigarcia\webdrivermanager\3.6.2\webdrivermanager-3.6.2.jar;C:\Users\rohbhatt1\.m2\repository\org\apache\commons\commons-lang3\3.8.1\commons-lang3-3.8.1.jar;C:\Users\rohbhatt1\.m2\repository\org\rauschig\jarchivelib\1.0.0\jarchivelib-1.0.0.jar;C:\Users\rohbhatt1\.m2\repository\org\apache\commons\commons-compress\1.18\commons-compress-1.18.jar;C:\Users\rohbhatt1\.m2\repository\org\jsoup\jsoup\1.11.3\jsoup-1.11.3.jar;C:\Users\rohbhatt1\.m2\repository\org\slf4j\slf4j-api\1.7.5\slf4j-api-1.7.5.jar;C:\Users\rohbhatt1\.m2\repository\org\slf4j\slf4j-simple\1.6.4\slf4j-simple-1.6.4.jar;C:\Users\rohbhatt1\.m2\repository\com\jayway\jsonpath\json-path\2.4.0\json-path-2.4.0.jar;C:\Users\rohbhatt1\.m2\repository\net\minidev\json-smart\2.3\json-smart-2.3.jar;C:\Users\rohbhatt1\.m2\repository\net\minidev\accessors-smart\1.2\accessors-smart-1.2.jar;C:\Users\rohbhatt1\.m2\repository\org\ow2\asm\asm\5.0.4\asm-5.0.4.jar;C:\Users\rohbhatt1\.m2\repository\commons-io\commons-io\2.6\commons-io-2.6.jar;C:\Users\rohbhatt1\.m2\repository\log4j\log4j\1.2.17\log4j-1.2.17.jar;C:\Users\rohbhatt1\.m2\repository\ru\yandex\qatools\ashot\ashot\1.5.3\ashot-1.5.3.jar;C:\Users\rohbhatt1\.m2\repository\com\googlecode\lambdaj\lambdaj\2.3.3\lambdaj-2.3.3.jar;C:\Users\rohbhatt1\.m2\repository\org\objenesis\objenesis\1.2\objenesis-1.2.jar;C:\Users\rohbhatt1\.m2\repository\cglib\cglib-nodep\2.2\cglib-nodep-2.2.jar;C:\Users\rohbhatt1\.m2\repository\org\apache\pdfbox\pdfbox\2.0.14\pdfbox-2.0.14.jar;C:\Users\rohbhatt1\.m2\repository\org\apache\pdfbox\fontbox\2.0.14\fontbox-2.0.14.jar;C:\Users\rohbhatt1\.m2\repository\com\google\cloud\google-cloud-translate\1.91.0\google-cloud-translate-1.91.0.jar;C:\Users\rohbhatt1\.m2\repository\com\google\cloud\google-cloud-core\1.90.0\google-cloud-core-1.90.0.jar;C:\Users\rohbhatt1\.m2\repository\com\google\api\gax\1.48.1\gax-1.48.1.jar;C:\Users\rohbhatt1\.m2\repository\org\threeten\threetenbp\1.3.3\threetenbp-1.3.3.jar;C:\Users\rohbhatt1\.m2\repository\com\google\protobuf\protobuf-java-util\3.9.1\protobuf-java-util-3.9.1.jar;C:\Users\rohbhatt1\.m2\repository\com\google\errorprone\error_prone_annotations\2.3.2\error_prone_annotations-2.3.2.jar;C:\Users\rohbhatt1\.m2\repository\com\google\api\grpc\proto-google-common-protos\1.16.0\proto-google-common-protos-1.16.0.jar;C:\Users\rohbhatt1\.m2\repository\com\google\api\grpc\proto-google-iam-v1\0.12.0\proto-google-iam-v1-0.12.0.jar;C:\Users\rohbhatt1\.m2\repository\com\google\cloud\google-cloud-core-http\1.90.0\google-cloud-core-http-1.90.0.jar;C:\Users\rohbhatt1\.m2\repository\com\google\auth\google-auth-library-credentials\0.17.1\google-auth-library-credentials-0.17.1.jar;C:\Users\rohbhatt1\.m2\repository\com\google\auth\google-auth-library-oauth2-http\0.17.1\google-auth-library-oauth2-http-0.17.1.jar;C:\Users\rohbhatt1\.m2\repository\com\google\auto\value\auto-value-annotations\1.6.6\auto-value-annotations-1.6.6.jar;C:\Users\rohbhatt1\.m2\repository\com\google\http-client\google-http-client-jackson2\1.31.0\google-http-client-jackson2-1.31.0.jar;C:\Users\rohbhatt1\.m2\repository\com\fasterxml\jackson\core\jackson-core\2.9.9\jackson-core-2.9.9.jar;C:\Users\rohbhatt1\.m2\repository\com\google\api-client\google-api-client\1.30.2\google-api-client-1.30.2.jar;C:\Users\rohbhatt1\.m2\repository\com\google\oauth-client\google-oauth-client\1.30.1\google-oauth-client-1.30.1.jar;C:\Users\rohbhatt1\.m2\repository\com\google\http-client\google-http-client-appengine\1.31.0\google-http-client-appengine-1.31.0.jar;C:\Users\rohbhatt1\.m2\repository\com\google\api\gax-httpjson\0.65.1\gax-httpjson-0.65.1.jar;C:\Users\rohbhatt1\.m2\repository\com\google\cloud\google-cloud-core-grpc\1.90.0\google-cloud-core-grpc-1.90.0.jar;C:\Users\rohbhatt1\.m2\repository\com\google\api\gax-grpc\1.48.1\gax-grpc-1.48.1.jar;C:\Users\rohbhatt1\.m2\repository\io\grpc\grpc-stub\1.23.0\grpc-stub-1.23.0.jar;C:\Users\rohbhatt1\.m2\repository\io\grpc\grpc-api\1.23.0\grpc-api-1.23.0.jar;C:\Users\rohbhatt1\.m2\repository\io\grpc\grpc-auth\1.23.0\grpc-auth-1.23.0.jar;C:\Users\rohbhatt1\.m2\repository\io\grpc\grpc-protobuf\1.23.0\grpc-protobuf-1.23.0.jar;C:\Users\rohbhatt1\.m2\repository\io\grpc\grpc-protobuf-lite\1.23.0\grpc-protobuf-lite-1.23.0.jar;C:\Users\rohbhatt1\.m2\repository\io\grpc\grpc-netty-shaded\1.23.0\grpc-netty-shaded-1.23.0.jar;C:\Users\rohbhatt1\.m2\repository\io\grpc\grpc-core\1.23.0\grpc-core-1.23.0.jar;C:\Users\rohbhatt1\.m2\repository\com\google\android\annotations\4.1.1.4\annotations-4.1.1.4.jar;C:\Users\rohbhatt1\.m2\repository\io\perfmark\perfmark-api\0.17.0\perfmark-api-0.17.0.jar;C:\Users\rohbhatt1\.m2\repository\io\opencensus\opencensus-contrib-grpc-metrics\0.21.0\opencensus-contrib-grpc-metrics-0.21.0.jar;C:\Users\rohbhatt1\.m2\repository\io\grpc\grpc-alts\1.23.0\grpc-alts-1.23.0.jar;C:\Users\rohbhatt1\.m2\repository\io\grpc\grpc-grpclb\1.23.0\grpc-grpclb-1.23.0.jar;C:\Users\rohbhatt1\.m2\repository\com\google\apis\google-api-services-translate\v2-rev20170525-1.30.1\google-api-services-translate-v2-rev20170525-1.30.1.jar;C:\Users\rohbhatt1\.m2\repository\com\google\api\grpc\proto-google-cloud-translate-v3beta1\0.74.0\proto-google-cloud-translate-v3beta1-0.74.0.jar;C:\Users\rohbhatt1\.m2\repository\com\google\protobuf\protobuf-java\3.9.1\protobuf-java-3.9.1.jar;C:\Users\rohbhatt1\.m2\repository\com\google\api\api-common\1.8.1\api-common-1.8.1.jar;C:\Users\rohbhatt1\.m2\repository\javax\annotation\javax.annotation-api\1.3.2\javax.annotation-api-1.3.2.jar;C:\Users\rohbhatt1\.m2\repository\com\google\http-client\google-http-client-gson\1.30.2\google-http-client-gson-1.30.2.jar;C:\Users\rohbhatt1\.m2\repository\com\google\http-client\google-http-client\1.30.2\google-http-client-1.30.2.jar;C:\Users\rohbhatt1\.m2\repository\io\opencensus\opencensus-api\0.21.0\opencensus-api-0.21.0.jar;C:\Users\rohbhatt1\.m2\repository\io\grpc\grpc-context\1.19.0\grpc-context-1.19.0.jar;C:\Users\rohbhatt1\.m2\repository\io\opencensus\opencensus-contrib-http-util\0.21.0\opencensus-contrib-http-util-0.21.0.jar;C:\Users\rohbhatt1\.m2\repository\com\github\slaout\fork\info\cukesthreads\cucumber-java\1.2.4\cucumber-java-1.2.4.jar;C:\Users\rohbhatt1\.m2\repository\com\github\slaout\fork\info\cukesthreads\cucumber-core\1.2.4\cucumber-core-1.2.4.jar;C:\Users\rohbhatt1\.m2\repository\info\cukes\cucumber-html\0.2.3\cucumber-html-0.2.3.jar;C:\Users\rohbhatt1\.m2\repository\com\github\slaout\fork\info\cukesthreads\cucumber-junit\1.2.4\cucumber-junit-1.2.4.jar;C:\Users\rohbhatt1\.m2\repository\info\cukes\cucumber-picocontainer\1.2.4\cucumber-picocontainer-1.2.4.jar;C:\Users\rohbhatt1\.m2\repository\info\cukes\cucumber-java\1.2.4\cucumber-java-1.2.4.jar;C:\Users\rohbhatt1\.m2\repository\info\cukes\cucumber-core\1.2.4\cucumber-core-1.2.4.jar;C:\Users\rohbhatt1\.m2\repository\info\cukes\cucumber-jvm-deps\1.0.5\cucumber-jvm-deps-1.0.5.jar;C:\Users\rohbhatt1\.m2\repository\info\cukes\gherkin\2.12.2\gherkin-2.12.2.jar;"/>
    <property name="sun.cpu.endian" value="little"/>
    <property name="user.home" value="C:\Users\rohbhatt1"/>
    <property name="user.language" value="en"/>
    <property name="java.specification.vendor" value="Oracle Corporation"/>
    <property name="java.home" value="C:\Program Files\Java\jdk1.8.0_191\jre"/>
    <property name="basedir" value="C:\TetraPak\Automation_Code\Test_Pipeline"/>
    <property name="file.separator" value="\"/>
    <property name="line.separator" value="&#10;"/>
    <property name="java.vm.specification.vendor" value="Oracle Corporation"/>
    <property name="java.specification.name" value="Java Platform API Specification"/>
    <property name="java.awt.graphicsenv" value="sun.awt.Win32GraphicsEnvironment"/>
    <property name="surefire.real.class.path" value="C:\Users\rohbhatt1\AppData\Local\Temp\surefire7949999128141879738\surefirebooter1414339243322706774.jar"/>
    <property name="sun.boot.class.path" value="C:\Program Files\Java\jdk1.8.0_191\jre\lib\resources.jar;C:\Program Files\Java\jdk1.8.0_191\jre\lib\rt.jar;C:\Program Files\Java\jdk1.8.0_191\jre\lib\sunrsasign.jar;C:\Program Files\Java\jdk1.8.0_191\jre\lib\jsse.jar;C:\Program Files\Java\jdk1.8.0_191\jre\lib\jce.jar;C:\Program Files\Java\jdk1.8.0_191\jre\lib\charsets.jar;C:\Program Files\Java\jdk1.8.0_191\jre\lib\jfr.jar;C:\Program Files\Java\jdk1.8.0_191\jre\classes"/>
    <property name="user.script" value=""/>
    <property name="sun.management.compiler" value="HotSpot 64-Bit Tiered Compilers"/>
    <property name="java.runtime.version" value="1.8.0_191-b12"/>
    <property name="user.name" value="rohbhatt1"/>
    <property name="path.separator" value=";"/>
    <property name="os.version" value="10.0"/>
    <property name="java.endorsed.dirs" value="C:\Program Files\Java\jdk1.8.0_191\jre\lib\endorsed"/>
    <property name="java.runtime.name" value="Java(TM) SE Runtime Environment"/>
    <property name="file.encoding" value="Cp1252"/>
    <property name="java.vm.name" value="Java HotSpot(TM) 64-Bit Server VM"/>
    <property name="localRepository" value="C:\Users\rohbhatt1\.m2\repository"/>
    <property name="java.vendor.url.bug" value="http://bugreport.sun.com/bugreport/"/>
    <property name="java.io.tmpdir" value="C:\Users\ROHBHA~1\AppData\Local\Temp\"/>
    <property name="java.version" value="1.8.0_191"/>
    <property name="user.dir" value="C:\TetraPak\Automation_Code\Test_Pipeline"/>
    <property name="os.arch" value="amd64"/>
    <property name="java.vm.specification.name" value="Java Virtual Machine Specification"/>
    <property name="java.awt.printerjob" value="sun.awt.windows.WPrinterJob"/>
    <property name="sun.os.patch.level" value=""/>
    <property name="java.library.path" value="C:\Program Files\Java\jdk1.8.0_191\jre\bin;C:\WINDOWS\Sun\Java\bin;C:\WINDOWS\system32;C:\WINDOWS;C:\ProgramData\DockerDesktop\version-bin;C:\Program Files\Docker\Docker\Resources\bin;C:\Program Files\ImageMagick-6.9.10-Q8;C:\Program Files (x86)\Common Files\Oracle\Java\javapath;C:\WINDOWS\system32;C:\WINDOWS;C:\WINDOWS\System32\Wbem;C:\WINDOWS\System32\WindowsPowerShell\v1.0\;C:\WINDOWS\System32\OpenSSH\;C:\Program Files (x86)\Box\Box Edit\;C:\Program Files\Java\jdk1.8.0_191\bin;C:\Program Files\apache-maven-3.5.3\bin;C:\Program Files\PuTTY\;C:\Program Files\TortoiseGit\bin;C:\phantomjs-1.9.8-windows;C:\Users\rohbhatt1\AppData\Local\Android\sdk\tools\bin;C:\Users\rohbhatt1\AppData\Local\Android\sdk\tools;C:\Users\rohbhatt1\AppData\Local\Android\sdk\platform-tools;C:\ProgramData\chocolatey\bin;C:\Program Files\MySQL\MySQL Shell 8.0\bin\;C:\Ruby24-x64\bin;C:\Users\rohbhatt1\AppData\Local\Microsoft\WindowsApps;JAVA_HOME\bin;C:\Users\rohbhatt1\AppData\Local\Programs\Fiddler;;."/>
    <property name="java.vm.info" value="mixed mode"/>
    <property name="java.vendor" value="Oracle Corporation"/>
    <property name="java.vm.version" value="25.191-b12"/>
    <property name="java.ext.dirs" value="C:\Program Files\Java\jdk1.8.0_191\jre\lib\ext;C:\WINDOWS\Sun\Java\lib\ext"/>
    <property name="sun.io.unicode.encoding" value="UnicodeLittle"/>
    <property name="java.class.version" value="52.0"/>
  </properties>
</testsuite>